D:\visual\MSBuild\Microsoft\VC\v170\Microsoft.CppBuild.targets(1119,5): warning MSB8027: 名为 main.cpp 的两个或更多文件将生成到同一位置的输出。这会导致错误的生成结果。   调用的文件是 00_hello_world\main.cpp, 01_variable&add\main.cpp, 02_function\main.cpp, 03_argument&parameter\main.cpp, 04_static\main.cpp, 05_constexpr\main.cpp, 06_loop\main.cpp, 07_enum&union\main.cpp, 08_trivial\main.cpp, 09_method\main.cpp, 10_method_const\main.cpp, 11_class\main.cpp, 12_class_destruct\main.cpp, 13_class_clone\main.cpp, 14_class_move\main.cpp, 15_class_derive\main.cpp, 16_class_virtual\main.cpp, 17_class_virtual_destruct\main.cpp, 18_function_template\main.cpp, 19_runtime_datatype\main.cpp, 20_class_template\main.cpp, 21_template_const\main.cpp, 22_std_array\main.cpp, 23_std_vector\main.cpp, 24_std_vector_bool\main.cpp, 25_strides\main.cpp, 26_std_string\main.cpp, 27_std_map\main.cpp, 28_std_transform\main.cpp, 29_std_accumulate\main.cpp。
  main.cpp
  main.cpp
C:\Users\86187\pro\learning-cxx\exercises\01_variable&add\main.cpp(1,1): warning C4819: 该文件包含不能在当前代码页(936)中表示的字符。请将该文件保存为 Unicode 格式以防止数据丢失
C:\Users\86187\pro\learning-cxx\exercises\01_variable&add\main.cpp(8,18): error C2065: “x”: 未声明的标识符
C:\Users\86187\pro\learning-cxx\exercises\01_variable&add\main.cpp(8,32): error C2065: “x”: 未声明的标识符
C:\Users\86187\pro\learning-cxx\exercises\01_variable&add\main.cpp(8,46): error C2065: “x”: 未声明的标识符
C:\Users\86187\pro\learning-cxx\exercises\01_variable&add\main.cpp(8,50): error C2065: “x”: 未声明的标识符
  main.cpp
C:\Users\86187\pro\learning-cxx\exercises\02_function\main.cpp(1,1): warning C4819: 该文件包含不能在当前代码页(936)中表示的字符。请将该文件保存为 Unicode 格式以防止数据丢失
C:\Users\86187\pro\learning-cxx\exercises\02_function\main.cpp(6,5): error C3861: “add”: 找不到标识符
C:\Users\86187\pro\learning-cxx\exercises\02_function\main.cpp(9,46): error C3861: “add”: 找不到标识符
C:\Users\86187\pro\learning-cxx\exercises\02_function\main.cpp(9,34): error C2593: “operator <<”不明确
  main.cpp
C:\Users\86187\pro\learning-cxx\exercises\03_argument&parameter\main.cpp(1,1): warning C4819: 该文件包含不能在当前代码页(936)中表示的字符。请将该文件保存为 Unicode 格式以防止数据丢失
C:\Users\86187\pro\learning-cxx\exercises\03_argument&parameter\main.cpp(10,5): error C2059: 语法错误:“?”
C:\Users\86187\pro\learning-cxx\exercises\03_argument&parameter\main.cpp(10,5): error C2143: 语法错误: 缺少“;”(在“{”的前面)
C:\Users\86187\pro\learning-cxx\exercises\03_argument&parameter\main.cpp(13,5): error C2059: 语法错误:“?”
C:\Users\86187\pro\learning-cxx\exercises\03_argument&parameter\main.cpp(13,5): error C2143: 语法错误: 缺少“;”(在“{”的前面)
C:\Users\86187\pro\learning-cxx\exercises\03_argument&parameter\main.cpp(20,5): error C2059: 语法错误:“?”
C:\Users\86187\pro\learning-cxx\exercises\03_argument&parameter\main.cpp(20,5): error C2143: 语法错误: 缺少“;”(在“{”的前面)
C:\Users\86187\pro\learning-cxx\exercises\03_argument&parameter\main.cpp(23,5): error C2059: 语法错误:“?”
C:\Users\86187\pro\learning-cxx\exercises\03_argument&parameter\main.cpp(23,5): error C2143: 语法错误: 缺少“;”(在“{”的前面)
  main.cpp
C:\Users\86187\pro\learning-cxx\exercises\04_static\main.cpp(1,1): warning C4819: 该文件包含不能在当前代码页(936)中表示的字符。请将该文件保存为 Unicode 格式以防止数据丢失
C:\Users\86187\pro\learning-cxx\exercises\04_static\main.cpp(13,5): error C2059: 语法错误:“?”
C:\Users\86187\pro\learning-cxx\exercises\04_static\main.cpp(13,5): error C2143: 语法错误: 缺少“;”(在“{”的前面)
C:\Users\86187\pro\learning-cxx\exercises\04_static\main.cpp(14,5): error C2059: 语法错误:“?”
C:\Users\86187\pro\learning-cxx\exercises\04_static\main.cpp(14,5): error C2143: 语法错误: 缺少“;”(在“{”的前面)
C:\Users\86187\pro\learning-cxx\exercises\04_static\main.cpp(15,5): error C2059: 语法错误:“?”
C:\Users\86187\pro\learning-cxx\exercises\04_static\main.cpp(15,5): error C2143: 语法错误: 缺少“;”(在“{”的前面)
C:\Users\86187\pro\learning-cxx\exercises\04_static\main.cpp(16,5): error C2059: 语法错误:“?”
C:\Users\86187\pro\learning-cxx\exercises\04_static\main.cpp(16,5): error C2143: 语法错误: 缺少“;”(在“{”的前面)
C:\Users\86187\pro\learning-cxx\exercises\04_static\main.cpp(17,5): error C2059: 语法错误:“?”
C:\Users\86187\pro\learning-cxx\exercises\04_static\main.cpp(17,5): error C2143: 语法错误: 缺少“;”(在“{”的前面)
  main.cpp
C:\Users\86187\pro\learning-cxx\exercises\05_constexpr\main.cpp(1,1): warning C4819: 该文件包含不能在当前代码页(936)中表示的字符。请将该文件保存为 Unicode 格式以防止数据丢失
C:\Users\86187\pro\learning-cxx\exercises\05_constexpr\main.cpp(21,24): error C2131: 表达式的计算结果不是常数
  main.cpp
C:\Users\86187\pro\learning-cxx\exercises\06_loop\main.cpp(1,1): warning C4819: 该文件包含不能在当前代码页(936)中表示的字符。请将该文件保存为 Unicode 格式以防止数据丢失
  main.cpp
C:\Users\86187\pro\learning-cxx\exercises\07_enum&union\main.cpp(1,1): warning C4819: 该文件包含不能在当前代码页(936)中表示的字符。请将该文件保存为 Unicode 格式以防止数据丢失
  main.cpp
C:\Users\86187\pro\learning-cxx\exercises\08_trivial\main.cpp(1,1): warning C4819: 该文件包含不能在当前代码页(936)中表示的字符。请将该文件保存为 Unicode 格式以防止数据丢失
C:\Users\86187\pro\learning-cxx\exercises\08_trivial\main.cpp(11,15): error C2065: “cached”: 未声明的标识符
C:\Users\86187\pro\learning-cxx\exercises\08_trivial\main.cpp(12,15): error C2065: “cached”: 未声明的标识符
C:\Users\86187\pro\learning-cxx\exercises\08_trivial\main.cpp(12,31): error C2065: “cached”: 未声明的标识符
C:\Users\86187\pro\learning-cxx\exercises\08_trivial\main.cpp(12,51): error C2065: “cached”: 未声明的标识符
  main.cpp
C:\Users\86187\pro\learning-cxx\exercises\09_method\main.cpp(1,1): warning C4819: 该文件包含不能在当前代码页(936)中表示的字符。请将该文件保存为 Unicode 格式以防止数据丢失
  main.cpp
C:\Users\86187\pro\learning-cxx\exercises\10_method_const\main.cpp(12,5): error C2662: “int Fibonacci::get(int)”: 不能将“this”指针从“const Fibonacci”转换为“Fibonacci &”
C:\Users\86187\pro\learning-cxx\exercises\10_method_const\main.cpp(13,44): error C2662: “int Fibonacci::get(int)”: 不能将“this”指针从“const Fibonacci”转换为“Fibonacci &”
C:\Users\86187\pro\learning-cxx\exercises\10_method_const\main.cpp(13,37): error C2088: 内置运算符“<<”无法应用于类型为“std::basic_ostream<char,std::char_traits<char>>”的操作数
  main.cpp
C:\Users\86187\pro\learning-cxx\exercises\11_class\main.cpp(1,1): warning C4819: 该文件包含不能在当前代码页(936)中表示的字符。请将该文件保存为 Unicode 格式以防止数据丢失
  main.cpp
C:\Users\86187\pro\learning-cxx\exercises\12_class_destruct\main.cpp(1,1): warning C4819: 该文件包含不能在当前代码页(936)中表示的字符。请将该文件保存为 Unicode 格式以防止数据丢失
C:\Users\86187\pro\learning-cxx\exercises\12_class_destruct\main.cpp(13,43): error C2059: 语法错误:“?”
C:\Users\86187\pro\learning-cxx\exercises\12_class_destruct\main.cpp(13,54): error C2059: 语法错误:“?”
  main.cpp
C:\Users\86187\pro\learning-cxx\exercises\13_class_clone\main.cpp(1,1): warning C4819: 该文件包含不能在当前代码页(936)中表示的字符。请将该文件保存为 Unicode 格式以防止数据丢失
C:\Users\86187\pro\learning-cxx\exercises\13_class_clone\main.cpp(11,43): error C2059: 语法错误:“?”
C:\Users\86187\pro\learning-cxx\exercises\13_class_clone\main.cpp(11,54): error C2059: 语法错误:“?”
  main.cpp
C:\Users\86187\pro\learning-cxx\exercises\14_class_move\main.cpp(1,1): warning C4819: 该文件包含不能在当前代码页(936)中表示的字符。请将该文件保存为 Unicode 格式以防止数据丢失
C:\Users\86187\pro\learning-cxx\exercises\14_class_move\main.cpp(13,43): error C2059: 语法错误:“?”
C:\Users\86187\pro\learning-cxx\exercises\14_class_move\main.cpp(13,54): error C2059: 语法错误:“?”
C:\Users\86187\pro\learning-cxx\exercises\14_class_move\main.cpp(45,5): error C2678: 二进制“[”: 没有找到接受“const DynFibonacci”类型的左操作数的运算符(或没有可接受的转换)
C:\Users\86187\pro\learning-cxx\exercises\14_class_move\main.cpp(50,10): error C2280: “DynFibonacci &DynFibonacci::operator =(DynFibonacci &&) noexcept”: 尝试引用已删除的函数
C:\Users\86187\pro\learning-cxx\exercises\14_class_move\main.cpp(51,10): error C2280: “DynFibonacci &DynFibonacci::operator =(DynFibonacci &&) noexcept”: 尝试引用已删除的函数
  main.cpp
C:\Users\86187\pro\learning-cxx\exercises\15_class_derive\main.cpp(1,1): warning C4819: 该文件包含不能在当前代码页(936)中表示的字符。请将该文件保存为 Unicode 格式以防止数据丢失
C:\Users\86187\pro\learning-cxx\exercises\15_class_derive\main.cpp(51,32): error C2059: 语法错误:“?”
C:\Users\86187\pro\learning-cxx\exercises\15_class_derive\main.cpp(52,32): error C2059: 语法错误:“?”
C:\Users\86187\pro\learning-cxx\exercises\15_class_derive\main.cpp(53,32): error C2059: 语法错误:“?”
  main.cpp
C:\Users\86187\pro\learning-cxx\exercises\16_class_virtual\main.cpp(1,1): warning C4819: 该文件包含不能在当前代码页(936)中表示的字符。请将该文件保存为 Unicode 格式以防止数据丢失
  main.cpp
C:\Users\86187\pro\learning-cxx\exercises\17_class_virtual_destruct\main.cpp(1,1): warning C4819: 该文件包含不能在当前代码页(936)中表示的字符。请将该文件保存为 Unicode 格式以防止数据丢失
C:\Users\86187\pro\learning-cxx\exercises\17_class_virtual_destruct\main.cpp(8,16): error C2864: A::num_a: 带有类内初始化表达式的静态 数据成员 必须具有不可变的常量整型类型，或必须被指定为“内联”
C:\Users\86187\pro\learning-cxx\exercises\17_class_virtual_destruct\main.cpp(23,16): error C2864: B::num_b: 带有类内初始化表达式的静态 数据成员 必须具有不可变的常量整型类型，或必须被指定为“内联”
C:\Users\86187\pro\learning-cxx\exercises\17_class_virtual_destruct\main.cpp(40,5): error C2059: 语法错误:“?”
C:\Users\86187\pro\learning-cxx\exercises\17_class_virtual_destruct\main.cpp(40,5): error C2143: 语法错误: 缺少“;”(在“{”的前面)
C:\Users\86187\pro\learning-cxx\exercises\17_class_virtual_destruct\main.cpp(41,5): error C2059: 语法错误:“?”
C:\Users\86187\pro\learning-cxx\exercises\17_class_virtual_destruct\main.cpp(41,5): error C2143: 语法错误: 缺少“;”(在“{”的前面)
C:\Users\86187\pro\learning-cxx\exercises\17_class_virtual_destruct\main.cpp(51,5): error C2059: 语法错误:“?”
C:\Users\86187\pro\learning-cxx\exercises\17_class_virtual_destruct\main.cpp(51,5): error C2143: 语法错误: 缺少“;”(在“{”的前面)
C:\Users\86187\pro\learning-cxx\exercises\17_class_virtual_destruct\main.cpp(52,5): error C2059: 语法错误:“?”
C:\Users\86187\pro\learning-cxx\exercises\17_class_virtual_destruct\main.cpp(52,5): error C2143: 语法错误: 缺少“;”(在“{”的前面)
C:\Users\86187\pro\learning-cxx\exercises\17_class_virtual_destruct\main.cpp(56,11): error C2440: “初始化”: 无法从“A”转换为“B &”
  main.cpp
C:\Users\86187\pro\learning-cxx\exercises\18_function_template\main.cpp(14,5): warning C4244: “参数”: 从“float”转换到“int”，可能丢失数据
C:\Users\86187\pro\learning-cxx\exercises\18_function_template\main.cpp(15,5): warning C4244: “参数”: 从“double”转换到“int”，可能丢失数据
C:\Users\86187\pro\learning-cxx\exercises\18_function_template\main.cpp(17,5): warning C4244: “参数”: 从“double”转换到“int”，可能丢失数据
  main.cpp
  正在生成代码...
C:\Users\86187\pro\learning-cxx\exercises\07_enum&union\main.cpp(38,1): warning C4700: 使用了未初始化的局部变量“pun”
  正在编译...
  main.cpp
C:\Users\86187\pro\learning-cxx\exercises\20_class_template\main.cpp(49,19): error C2955: “Tensor4D”: 使用 类 模板 需要 模板 参数列表
C:\Users\86187\pro\learning-cxx\exercises\20_class_template\main.cpp(50,19): error C2955: “Tensor4D”: 使用 类 模板 需要 模板 参数列表
C:\Users\86187\pro\learning-cxx\exercises\20_class_template\main.cpp(51,9): error C3536: “t0”: 初始化之前无法使用
C:\Users\86187\pro\learning-cxx\exercises\20_class_template\main.cpp(51,15): error C3536: “t1”: 初始化之前无法使用
C:\Users\86187\pro\learning-cxx\exercises\20_class_template\main.cpp(80,19): error C2955: “Tensor4D”: 使用 类 模板 需要 模板 参数列表
C:\Users\86187\pro\learning-cxx\exercises\20_class_template\main.cpp(81,19): error C2955: “Tensor4D”: 使用 类 模板 需要 模板 参数列表
C:\Users\86187\pro\learning-cxx\exercises\20_class_template\main.cpp(82,9): error C3536: “t0”: 初始化之前无法使用
C:\Users\86187\pro\learning-cxx\exercises\20_class_template\main.cpp(82,15): error C3536: “t1”: 初始化之前无法使用
C:\Users\86187\pro\learning-cxx\exercises\20_class_template\main.cpp(102,19): error C2955: “Tensor4D”: 使用 类 模板 需要 模板 参数列表
C:\Users\86187\pro\learning-cxx\exercises\20_class_template\main.cpp(103,19): error C2955: “Tensor4D”: 使用 类 模板 需要 模板 参数列表
C:\Users\86187\pro\learning-cxx\exercises\20_class_template\main.cpp(104,9): error C3536: “t0”: 初始化之前无法使用
C:\Users\86187\pro\learning-cxx\exercises\20_class_template\main.cpp(104,15): error C3536: “t1”: 初始化之前无法使用
  main.cpp
C:\Users\86187\pro\learning-cxx\exercises\21_template_const\main.cpp(36,13): warning C4003: 类函数宏的调用“ASSERT”参数不足
C:\Users\86187\pro\learning-cxx\exercises\21_template_const\main.cpp(46,21): error C2280: “Tensor<4,int>::Tensor(Tensor<4,int> &&) noexcept”: 尝试引用已删除的函数
  main.cpp
C:\Users\86187\pro\learning-cxx\exercises\22_std_array\main.cpp(11,9): error C2059: 语法错误:“?”
C:\Users\86187\pro\learning-cxx\exercises\22_std_array\main.cpp(11,9): error C2143: 语法错误: 缺少“;”(在“{”的前面)
C:\Users\86187\pro\learning-cxx\exercises\22_std_array\main.cpp(12,9): error C2059: 语法错误:“?”
C:\Users\86187\pro\learning-cxx\exercises\22_std_array\main.cpp(12,9): error C2143: 语法错误: 缺少“;”(在“{”的前面)
C:\Users\86187\pro\learning-cxx\exercises\22_std_array\main.cpp(14,9): error C2059: 语法错误:“?”
C:\Users\86187\pro\learning-cxx\exercises\22_std_array\main.cpp(14,9): error C2143: 语法错误: 缺少“;”(在“{”的前面)
C:\Users\86187\pro\learning-cxx\exercises\22_std_array\main.cpp(18,9): error C2059: 语法错误:“?”
C:\Users\86187\pro\learning-cxx\exercises\22_std_array\main.cpp(18,9): error C2143: 语法错误: 缺少“;”(在“{”的前面)
C:\Users\86187\pro\learning-cxx\exercises\22_std_array\main.cpp(19,9): error C2059: 语法错误:“?”
C:\Users\86187\pro\learning-cxx\exercises\22_std_array\main.cpp(19,9): error C2143: 语法错误: 缺少“;”(在“{”的前面)
C:\Users\86187\pro\learning-cxx\exercises\22_std_array\main.cpp(23,9): error C2059: 语法错误:“?”
C:\Users\86187\pro\learning-cxx\exercises\22_std_array\main.cpp(23,9): error C2143: 语法错误: 缺少“;”(在“{”的前面)
C:\Users\86187\pro\learning-cxx\exercises\22_std_array\main.cpp(24,9): error C2059: 语法错误:“?”
C:\Users\86187\pro\learning-cxx\exercises\22_std_array\main.cpp(24,9): error C2143: 语法错误: 缺少“;”(在“{”的前面)
C:\Users\86187\pro\learning-cxx\exercises\22_std_array\main.cpp(25,9): error C2059: 语法错误:“?”
C:\Users\86187\pro\learning-cxx\exercises\22_std_array\main.cpp(25,9): error C2143: 语法错误: 缺少“;”(在“{”的前面)
  main.cpp
C:\Users\86187\pro\learning-cxx\exercises\23_std_vector\main.cpp(11,9): error C2059: 语法错误:“?”
C:\Users\86187\pro\learning-cxx\exercises\23_std_vector\main.cpp(11,9): error C2143: 语法错误: 缺少“;”(在“{”的前面)
C:\Users\86187\pro\learning-cxx\exercises\23_std_vector\main.cpp(13,9): error C2059: 语法错误:“?”
C:\Users\86187\pro\learning-cxx\exercises\23_std_vector\main.cpp(13,9): error C2143: 语法错误: 缺少“;”(在“{”的前面)
C:\Users\86187\pro\learning-cxx\exercises\23_std_vector\main.cpp(15,9): error C2059: 语法错误:“?”
C:\Users\86187\pro\learning-cxx\exercises\23_std_vector\main.cpp(15,9): error C2143: 语法错误: 缺少“;”(在“{”的前面)
C:\Users\86187\pro\learning-cxx\exercises\23_std_vector\main.cpp(20,13): error C2059: 语法错误:“?”
C:\Users\86187\pro\learning-cxx\exercises\23_std_vector\main.cpp(20,13): error C2143: 语法错误: 缺少“;”(在“{”的前面)
C:\Users\86187\pro\learning-cxx\exercises\23_std_vector\main.cpp(21,13): error C2059: 语法错误:“?”
C:\Users\86187\pro\learning-cxx\exercises\23_std_vector\main.cpp(21,13): error C2143: 语法错误: 缺少“;”(在“{”的前面)
C:\Users\86187\pro\learning-cxx\exercises\23_std_vector\main.cpp(23,13): error C2059: 语法错误:“?”
C:\Users\86187\pro\learning-cxx\exercises\23_std_vector\main.cpp(23,13): error C2143: 语法错误: 缺少“;”(在“{”的前面)
C:\Users\86187\pro\learning-cxx\exercises\23_std_vector\main.cpp(27,13): error C2059: 语法错误:“?”
C:\Users\86187\pro\learning-cxx\exercises\23_std_vector\main.cpp(27,13): error C2143: 语法错误: 缺少“;”(在“{”的前面)
C:\Users\86187\pro\learning-cxx\exercises\23_std_vector\main.cpp(28,13): error C2059: 语法错误:“?”
C:\Users\86187\pro\learning-cxx\exercises\23_std_vector\main.cpp(28,13): error C2143: 语法错误: 缺少“;”(在“{”的前面)
C:\Users\86187\pro\learning-cxx\exercises\23_std_vector\main.cpp(30,13): error C2059: 语法错误:“?”
C:\Users\86187\pro\learning-cxx\exercises\23_std_vector\main.cpp(30,13): error C2143: 语法错误: 缺少“;”(在“{”的前面)
C:\Users\86187\pro\learning-cxx\exercises\23_std_vector\main.cpp(31,13): error C2059: 语法错误:“?”
C:\Users\86187\pro\learning-cxx\exercises\23_std_vector\main.cpp(31,13): error C2143: 语法错误: 缺少“;”(在“{”的前面)
C:\Users\86187\pro\learning-cxx\exercises\23_std_vector\main.cpp(35,13): error C2059: 语法错误:“?”
C:\Users\86187\pro\learning-cxx\exercises\23_std_vector\main.cpp(35,13): error C2143: 语法错误: 缺少“;”(在“{”的前面)
C:\Users\86187\pro\learning-cxx\exercises\23_std_vector\main.cpp(36,13): error C2059: 语法错误:“?”
C:\Users\86187\pro\learning-cxx\exercises\23_std_vector\main.cpp(36,13): error C2143: 语法错误: 缺少“;”(在“{”的前面)
C:\Users\86187\pro\learning-cxx\exercises\23_std_vector\main.cpp(37,13): error C2059: 语法错误:“?”
C:\Users\86187\pro\learning-cxx\exercises\23_std_vector\main.cpp(37,13): error C2143: 语法错误: 缺少“;”(在“{”的前面)
C:\Users\86187\pro\learning-cxx\exercises\23_std_vector\main.cpp(38,13): error C2059: 语法错误:“?”
C:\Users\86187\pro\learning-cxx\exercises\23_std_vector\main.cpp(38,13): error C2143: 语法错误: 缺少“;”(在“{”的前面)
C:\Users\86187\pro\learning-cxx\exercises\23_std_vector\main.cpp(39,13): error C2059: 语法错误:“?”
C:\Users\86187\pro\learning-cxx\exercises\23_std_vector\main.cpp(39,13): error C2143: 语法错误: 缺少“;”(在“{”的前面)
C:\Users\86187\pro\learning-cxx\exercises\23_std_vector\main.cpp(43,24): error C2143: 语法错误: 缺少“)”(在“?”的前面)
C:\Users\86187\pro\learning-cxx\exercises\23_std_vector\main.cpp(43,17): error C2661: “std::vector<double,std::allocator<double>>::insert”: 没有重载函数接受 0 个参数
C:\Users\86187\pro\learning-cxx\exercises\23_std_vector\main.cpp(43,25): error C2059: 语法错误:“,”
C:\Users\86187\pro\learning-cxx\exercises\23_std_vector\main.cpp(43,30): error C2059: 语法错误:“)”
C:\Users\86187\pro\learning-cxx\exercises\23_std_vector\main.cpp(45,23): error C2143: 语法错误: 缺少“)”(在“?”的前面)
C:\Users\86187\pro\learning-cxx\exercises\23_std_vector\main.cpp(45,17): error C2661: “std::vector<double,std::allocator<double>>::erase”: 没有重载函数接受 0 个参数
C:\Users\86187\pro\learning-cxx\exercises\23_std_vector\main.cpp(45,24): error C2059: 语法错误:“)”
C:\Users\86187\pro\learning-cxx\exercises\23_std_vector\main.cpp(45,25): error C2059: 语法错误:“;”
C:\Users\86187\pro\learning-cxx\exercises\23_std_vector\main.cpp(50,13): error C2059: 语法错误:“?”
C:\Users\86187\pro\learning-cxx\exercises\23_std_vector\main.cpp(50,13): error C2143: 语法错误: 缺少“;”(在“{”的前面)
C:\Users\86187\pro\learning-cxx\exercises\23_std_vector\main.cpp(53,13): error C2059: 语法错误:“?”
C:\Users\86187\pro\learning-cxx\exercises\23_std_vector\main.cpp(53,13): error C2143: 语法错误: 缺少“;”(在“{”的前面)
C:\Users\86187\pro\learning-cxx\exercises\23_std_vector\main.cpp(54,13): error C2059: 语法错误:“?”
C:\Users\86187\pro\learning-cxx\exercises\23_std_vector\main.cpp(54,13): error C2143: 语法错误: 缺少“;”(在“{”的前面)
C:\Users\86187\pro\learning-cxx\exercises\23_std_vector\main.cpp(58,31): error C2059: 语法错误:“?”
C:\Users\86187\pro\learning-cxx\exercises\23_std_vector\main.cpp(62,9): error C2059: 语法错误:“?”
C:\Users\86187\pro\learning-cxx\exercises\23_std_vector\main.cpp(62,9): error C2143: 语法错误: 缺少“;”(在“{”的前面)
C:\Users\86187\pro\learning-cxx\exercises\23_std_vector\main.cpp(66,13): error C2059: 语法错误:“?”
C:\Users\86187\pro\learning-cxx\exercises\23_std_vector\main.cpp(66,13): error C2143: 语法错误: 缺少“;”(在“{”的前面)
C:\Users\86187\pro\learning-cxx\exercises\23_std_vector\main.cpp(67,13): error C2059: 语法错误:“?”
C:\Users\86187\pro\learning-cxx\exercises\23_std_vector\main.cpp(67,13): error C2143: 语法错误: 缺少“;”(在“{”的前面)
C:\Users\86187\pro\learning-cxx\exercises\23_std_vector\main.cpp(71,13): error C2059: 语法错误:“?”
C:\Users\86187\pro\learning-cxx\exercises\23_std_vector\main.cpp(71,13): error C2143: 语法错误: 缺少“;”(在“{”的前面)
C:\Users\86187\pro\learning-cxx\exercises\23_std_vector\main.cpp(72,13): error C2059: 语法错误:“?”
C:\Users\86187\pro\learning-cxx\exercises\23_std_vector\main.cpp(72,13): error C2143: 语法错误: 缺少“;”(在“{”的前面)
C:\Users\86187\pro\learning-cxx\exercises\23_std_vector\main.cpp(79,13): error C2059: 语法错误:“?”
C:\Users\86187\pro\learning-cxx\exercises\23_std_vector\main.cpp(79,13): error C2143: 语法错误: 缺少“;”(在“{”的前面)
C:\Users\86187\pro\learning-cxx\exercises\23_std_vector\main.cpp(80,13): error C2059: 语法错误:“?”
C:\Users\86187\pro\learning-cxx\exercises\23_std_vector\main.cpp(80,13): error C2143: 语法错误: 缺少“;”(在“{”的前面)
C:\Users\86187\pro\learning-cxx\exercises\23_std_vector\main.cpp(81,13): error C2059: 语法错误:“?”
C:\Users\86187\pro\learning-cxx\exercises\23_std_vector\main.cpp(81,13): error C2143: 语法错误: 缺少“;”(在“{”的前面)
C:\Users\86187\pro\learning-cxx\exercises\23_std_vector\main.cpp(82,13): error C2059: 语法错误:“?”
C:\Users\86187\pro\learning-cxx\exercises\23_std_vector\main.cpp(82,13): error C2143: 语法错误: 缺少“;”(在“{”的前面)
C:\Users\86187\pro\learning-cxx\exercises\23_std_vector\main.cpp(83,13): error C2059: 语法错误:“?”
C:\Users\86187\pro\learning-cxx\exercises\23_std_vector\main.cpp(83,13): error C2143: 语法错误: 缺少“;”(在“{”的前面)
C:\Users\86187\pro\learning-cxx\exercises\23_std_vector\main.cpp(84,13): error C2059: 语法错误:“?”
C:\Users\86187\pro\learning-cxx\exercises\23_std_vector\main.cpp(84,13): error C2143: 语法错误: 缺少“;”(在“{”的前面)
C:\Users\86187\pro\learning-cxx\exercises\23_std_vector\main.cpp(85,13): error C2059: 语法错误:“?”
C:\Users\86187\pro\learning-cxx\exercises\23_std_vector\main.cpp(85,13): error C2143: 语法错误: 缺少“;”(在“{”的前面)
  main.cpp
C:\Users\86187\pro\learning-cxx\exercises\24_std_vector_bool\main.cpp(9,27): error C2059: 语法错误:“?”
C:\Users\86187\pro\learning-cxx\exercises\24_std_vector_bool\main.cpp(10,5): error C2065: “vec”: 未声明的标识符
C:\Users\86187\pro\learning-cxx\exercises\24_std_vector_bool\main.cpp(11,5): error C2065: “vec”: 未声明的标识符
C:\Users\86187\pro\learning-cxx\exercises\24_std_vector_bool\main.cpp(12,5): error C2065: “vec”: 未声明的标识符
C:\Users\86187\pro\learning-cxx\exercises\24_std_vector_bool\main.cpp(13,5): error C2065: “vec”: 未声明的标识符
C:\Users\86187\pro\learning-cxx\exercises\24_std_vector_bool\main.cpp(13,5): error C2059: 语法错误:“?”
C:\Users\86187\pro\learning-cxx\exercises\24_std_vector_bool\main.cpp(13,5): error C2143: 语法错误: 缺少“;”(在“{”的前面)
C:\Users\86187\pro\learning-cxx\exercises\24_std_vector_bool\main.cpp(15,9): error C2065: “vec”: 未声明的标识符
C:\Users\86187\pro\learning-cxx\exercises\24_std_vector_bool\main.cpp(16,9): error C2059: 语法错误:“?”
C:\Users\86187\pro\learning-cxx\exercises\24_std_vector_bool\main.cpp(16,9): error C2143: 语法错误: 缺少“;”(在“{”的前面)
C:\Users\86187\pro\learning-cxx\exercises\24_std_vector_bool\main.cpp(19,9): error C2065: “vec”: 未声明的标识符
C:\Users\86187\pro\learning-cxx\exercises\24_std_vector_bool\main.cpp(20,9): error C2065: “vec”: 未声明的标识符
C:\Users\86187\pro\learning-cxx\exercises\24_std_vector_bool\main.cpp(20,9): error C2059: 语法错误:“?”
C:\Users\86187\pro\learning-cxx\exercises\24_std_vector_bool\main.cpp(20,9): error C2143: 语法错误: 缺少“;”(在“{”的前面)
C:\Users\86187\pro\learning-cxx\exercises\24_std_vector_bool\main.cpp(21,9): error C2059: 语法错误:“?”
C:\Users\86187\pro\learning-cxx\exercises\24_std_vector_bool\main.cpp(21,9): error C2143: 语法错误: 缺少“;”(在“{”的前面)
C:\Users\86187\pro\learning-cxx\exercises\24_std_vector_bool\main.cpp(24,20): error C2065: “vec”: 未声明的标识符
C:\Users\86187\pro\learning-cxx\exercises\24_std_vector_bool\main.cpp(25,9): error C2059: 语法错误:“?”
C:\Users\86187\pro\learning-cxx\exercises\24_std_vector_bool\main.cpp(25,9): error C2143: 语法错误: 缺少“;”(在“{”的前面)
C:\Users\86187\pro\learning-cxx\exercises\24_std_vector_bool\main.cpp(26,9): error C3536: “ref”: 初始化之前无法使用
C:\Users\86187\pro\learning-cxx\exercises\24_std_vector_bool\main.cpp(27,9): error C2059: 语法错误:“?”
C:\Users\86187\pro\learning-cxx\exercises\24_std_vector_bool\main.cpp(27,9): error C2143: 语法错误: 缺少“;”(在“{”的前面)
C:\Users\86187\pro\learning-cxx\exercises\24_std_vector_bool\main.cpp(28,9): error C2059: 语法错误:“?”
C:\Users\86187\pro\learning-cxx\exercises\24_std_vector_bool\main.cpp(28,9): error C2143: 语法错误: 缺少“;”(在“{”的前面)
  main.cpp
  main.cpp
C:\Users\86187\pro\learning-cxx\exercises\26_std_string\main.cpp(13,5): error C2059: 语法错误:“?”
C:\Users\86187\pro\learning-cxx\exercises\26_std_string\main.cpp(13,5): error C2059: 语法错误:“)”
C:\Users\86187\pro\learning-cxx\exercises\26_std_string\main.cpp(13,5): error C2143: 语法错误: 缺少“;”(在“{”的前面)
C:\Users\86187\pro\learning-cxx\exercises\26_std_string\main.cpp(14,5): error C2059: 语法错误:“?”
C:\Users\86187\pro\learning-cxx\exercises\26_std_string\main.cpp(14,5): error C2059: 语法错误:“)”
C:\Users\86187\pro\learning-cxx\exercises\26_std_string\main.cpp(14,5): error C2143: 语法错误: 缺少“;”(在“{”的前面)
  main.cpp
  main.cpp
C:\Users\86187\pro\learning-cxx\exercises\28_std_transform\main.cpp(13,5): error C2065: “ans”: 未声明的标识符
C:\Users\86187\pro\learning-cxx\exercises\28_std_transform\main.cpp(14,5): error C2065: “ans”: 未声明的标识符
C:\Users\86187\pro\learning-cxx\exercises\28_std_transform\main.cpp(15,5): error C2065: “ans”: 未声明的标识符
C:\Users\86187\pro\learning-cxx\exercises\28_std_transform\main.cpp(16,5): error C2065: “ans”: 未声明的标识符
C:\Users\86187\pro\learning-cxx\exercises\28_std_transform\main.cpp(17,5): error C2065: “ans”: 未声明的标识符
C:\Users\86187\pro\learning-cxx\exercises\28_std_transform\main.cpp(18,5): error C2065: “ans”: 未声明的标识符
  main.cpp
C:\Users\86187\pro\learning-cxx\exercises\29_std_accumulate\main.cpp(15,5): error C2065: “size”: 未声明的标识符
  正在生成代码...
C:\Users\86187\pro\learning-cxx\exercises\27_std_map\main.cpp(10,1): error C4716: “key_exists<std::basic_string<char,std::char_traits<char>,std::allocator<char> >,std::basic_string<char,std::char_traits<char>,std::allocator<char> > >”: 必须返回一个值
